This file contains any messages produced by compilers while
running configure, to aid debugging if configure makes a mistake.

It was created by libhmxml configure 1.1.0, which was
generated by GNU Autoconf 2.68.  Invocation command line was

  $ ./configure --prefix=/home/compiler/usr --no-create --no-recursion

## --------- ##
## Platform. ##
## --------- ##

hostname = Compiler
uname -m = x86_64
uname -r = 3.13.11.7-20141024
uname -s = Linux
uname -v = #5 SMP Fri Oct 24 18:19:53 CST 2014

/usr/bin/uname -p = unknown
/bin/uname -X     = unknown

/bin/arch              = unknown
/usr/bin/arch -k       = unknown
/usr/convex/getsysinfo = unknown
/usr/bin/hostinfo      = unknown
/bin/machine           = unknown
/usr/bin/oslevel       = unknown
/bin/universe          = unknown

PATH: /usr/local/sbin
PATH: /usr/local/bin
PATH: /usr/sbin
PATH: /usr/bin
PATH: /sbin
PATH: /bin
PATH: /usr/games


## ----------- ##
## Core tests. ##
## ----------- ##

configure:2430: checking for a BSD-compatible install
configure:2498: result: /usr/bin/install -c
configure:2509: checking whether build environment is sane
configure:2559: result: yes
configure:2700: checking for a thread-safe mkdir -p
configure:2739: result: /bin/mkdir -p
configure:2752: checking for gawk
configure:2768: found /usr/bin/gawk
configure:2779: result: gawk
configure:2790: checking whether make sets $(MAKE)
configure:2812: result: yes
configure:2897: libhmxml-1.1.0		A xml library for XXXXXXXXXXXXXXXXXXXXX.
configure:2989: checking for gcc
configure:3005: found /usr/bin/gcc
configure:3016: result: gcc
configure:3245: checking for C compiler version
configure:3254: gcc --version >&5
gcc (Ubuntu/Linaro 4.6.3-1ubuntu5) 4.6.3
Copyright (C) 2011 Free Software Foundation, Inc.
This is free software; see the source for copying conditions.  There is NO
warranty; not even for MERCHANTABILITY or FITNESS FOR A PARTICULAR PURPOSE.

configure:3265: $? = 0
configure:3254: gcc -v >&5
Using built-in specs.
COLLECT_GCC=gcc
COLLECT_LTO_WRAPPER=/usr/lib/gcc/x86_64-linux-gnu/4.6/lto-wrapper
Target: x86_64-linux-gnu
Configured with: ../src/configure -v --with-pkgversion='Ubuntu/Linaro 4.6.3-1ubuntu5' --with-bugurl=file:///usr/share/doc/gcc-4.6/README.Bugs --enable-languages=c,c++,fortran,objc,obj-c++ --prefix=/usr --program-suffix=-4.6 --enable-shared --enable-linker-build-id --with-system-zlib --libexecdir=/usr/lib --without-included-gettext --enable-threads=posix --with-gxx-include-dir=/usr/include/c++/4.6 --libdir=/usr/lib --enable-nls --with-sysroot=/ --enable-clocale=gnu --enable-libstdcxx-debug --enable-libstdcxx-time=yes --enable-gnu-unique-object --enable-plugin --enable-objc-gc --disable-werror --with-arch-32=i686 --with-tune=generic --enable-checking=release --build=x86_64-linux-gnu --host=x86_64-linux-gnu --target=x86_64-linux-gnu
Thread model: posix
gcc version 4.6.3 (Ubuntu/Linaro 4.6.3-1ubuntu5) 
configure:3265: $? = 0
configure:3254: gcc -V >&5
gcc: error: unrecognized option '-V'
gcc: fatal error: no input files
compilation terminated.
configure:3265: $? = 4
configure:3254: gcc -qversion >&5
gcc: error: unrecognized option '-qversion'
gcc: fatal error: no input files
compilation terminated.
configure:3265: $? = 4
configure:3285: checking whether the C compiler works
configure:3307: gcc    conftest.c  >&5
configure:3311: $? = 0
configure:3359: result: yes
configure:3362: checking for C compiler default output file name
configure:3364: result: a.out
configure:3370: checking for suffix of executables
configure:3377: gcc -o conftest    conftest.c  >&5
configure:3381: $? = 0
configure:3403: result: 
configure:3425: checking whether we are cross compiling
configure:3433: gcc -o conftest    conftest.c  >&5
configure:3437: $? = 0
configure:3444: ./conftest
configure:3448: $? = 0
configure:3463: result: no
configure:3468: checking for suffix of object files
configure:3490: gcc -c   conftest.c >&5
configure:3494: $? = 0
configure:3515: result: o
configure:3519: checking whether we are using the GNU C compiler
configure:3538: gcc -c   conftest.c >&5
configure:3538: $? = 0
configure:3547: result: yes
configure:3556: checking whether gcc accepts -g
configure:3576: gcc -c -g  conftest.c >&5
configure:3576: $? = 0
configure:3617: result: yes
configure:3634: checking for gcc option to accept ISO C89
configure:3698: gcc  -c   conftest.c >&5
configure:3698: $? = 0
configure:3711: result: none needed
configure:3742: checking for style of include used by make
configure:3770: result: GNU
configure:3796: checking dependency style of gcc
configure:3907: result: gcc3
configure:3927: checking how to run the C preprocessor
configure:3958: gcc -E  conftest.c
configure:3958: $? = 0
configure:3972: gcc -E  conftest.c
conftest.c:15:28: fatal error: ac_nonexistent.h: No such file or directory
compilation terminated.
configure:3972: $? = 1
configure: failed program was:
| /* confdefs.h */
| #define PACKAGE_NAME "libhmxml"
| #define PACKAGE_TARNAME "libhmxml"
| #define PACKAGE_VERSION "1.1.0"
| #define PACKAGE_STRING "libhmxml 1.1.0"
| #define PACKAGE_BUGREPORT "bugs@himickey.com"
| #define PACKAGE_URL ""
| #define PACKAGE "libhmxml"
| #define VERSION "0.1.0"
| #define LIBHMXML_MAJOR_VERSION 1
| #define LIBHMXML_MINOR_VERSION 1
| #define LIBHMXML_MICRO_VERSION 0
| #define LIBHMXML_VERSION "1.1.0"
| /* end confdefs.h.  */
| #include <ac_nonexistent.h>
configure:3997: result: gcc -E
configure:4017: gcc -E  conftest.c
configure:4017: $? = 0
configure:4031: gcc -E  conftest.c
conftest.c:15:28: fatal error: ac_nonexistent.h: No such file or directory
compilation terminated.
configure:4031: $? = 1
configure: failed program was:
| /* confdefs.h */
| #define PACKAGE_NAME "libhmxml"
| #define PACKAGE_TARNAME "libhmxml"
| #define PACKAGE_VERSION "1.1.0"
| #define PACKAGE_STRING "libhmxml 1.1.0"
| #define PACKAGE_BUGREPORT "bugs@himickey.com"
| #define PACKAGE_URL ""
| #define PACKAGE "libhmxml"
| #define VERSION "0.1.0"
| #define LIBHMXML_MAJOR_VERSION 1
| #define LIBHMXML_MINOR_VERSION 1
| #define LIBHMXML_MICRO_VERSION 0
| #define LIBHMXML_VERSION "1.1.0"
| /* end confdefs.h.  */
| #include <ac_nonexistent.h>
configure:4117: checking for g++
configure:4133: found /usr/bin/g++
configure:4144: result: g++
configure:4171: checking for C++ compiler version
configure:4180: g++ --version >&5
g++ (Ubuntu/Linaro 4.6.3-1ubuntu5) 4.6.3
Copyright (C) 2011 Free Software Foundation, Inc.
This is free software; see the source for copying conditions.  There is NO
warranty; not even for MERCHANTABILITY or FITNESS FOR A PARTICULAR PURPOSE.

configure:4191: $? = 0
configure:4180: g++ -v >&5
Using built-in specs.
COLLECT_GCC=g++
COLLECT_LTO_WRAPPER=/usr/lib/gcc/x86_64-linux-gnu/4.6/lto-wrapper
Target: x86_64-linux-gnu
Configured with: ../src/configure -v --with-pkgversion='Ubuntu/Linaro 4.6.3-1ubuntu5' --with-bugurl=file:///usr/share/doc/gcc-4.6/README.Bugs --enable-languages=c,c++,fortran,objc,obj-c++ --prefix=/usr --program-suffix=-4.6 --enable-shared --enable-linker-build-id --with-system-zlib --libexecdir=/usr/lib --without-included-gettext --enable-threads=posix --with-gxx-include-dir=/usr/include/c++/4.6 --libdir=/usr/lib --enable-nls --with-sysroot=/ --enable-clocale=gnu --enable-libstdcxx-debug --enable-libstdcxx-time=yes --enable-gnu-unique-object --enable-plugin --enable-objc-gc --disable-werror --with-arch-32=i686 --with-tune=generic --enable-checking=release --build=x86_64-linux-gnu --host=x86_64-linux-gnu --target=x86_64-linux-gnu
Thread model: posix
gcc version 4.6.3 (Ubuntu/Linaro 4.6.3-1ubuntu5) 
configure:4191: $? = 0
configure:4180: g++ -V >&5
g++: error: unrecognized option '-V'
g++: fatal error: no input files
compilation terminated.
configure:4191: $? = 4
configure:4180: g++ -qversion >&5
g++: error: unrecognized option '-qversion'
g++: fatal error: no input files
compilation terminated.
configure:4191: $? = 4
configure:4195: checking whether we are using the GNU C++ compiler
configure:4214: g++ -c   conftest.cpp >&5
configure:4214: $? = 0
configure:4223: result: yes
configure:4232: checking whether g++ accepts -g
configure:4252: g++ -c -g  conftest.cpp >&5
configure:4252: $? = 0
configure:4293: result: yes
configure:4318: checking dependency style of g++
configure:4429: result: gcc3
configure:4445: checking whether ln -s works
configure:4449: result: yes
configure:4456: checking whether make sets $(MAKE)
configure:4478: result: yes
configure:4518: checking build system type
configure:4532: result: x86_64-unknown-linux-gnu
configure:4552: checking host system type
configure:4565: result: x86_64-unknown-linux-gnu
configure:4606: checking how to print strings
configure:4633: result: printf
configure:4654: checking for a sed that does not truncate output
configure:4718: result: /bin/sed
configure:4736: checking for grep that handles long lines and -e
configure:4794: result: /bin/grep
configure:4799: checking for egrep
configure:4861: result: /bin/grep -E
configure:4866: checking for fgrep
configure:4928: result: /bin/grep -F
configure:4963: checking for ld used by gcc
configure:5030: result: /usr/bin/ld
configure:5037: checking if the linker (/usr/bin/ld) is GNU ld
configure:5052: result: yes
configure:5064: checking for BSD- or MS-compatible name lister (nm)
configure:5113: result: /usr/bin/nm -B
configure:5243: checking the name lister (/usr/bin/nm -B) interface
configure:5250: gcc -c   conftest.c >&5
configure:5253: /usr/bin/nm -B "conftest.o"
configure:5256: output
0000000000000000 B some_variable
configure:5263: result: BSD nm
configure:5267: checking the maximum length of command line arguments
configure:5397: result: 3458764513820540925
configure:5414: checking whether the shell understands some XSI constructs
configure:5424: result: yes
configure:5428: checking whether the shell understands "+="
configure:5434: result: yes
configure:5469: checking how to convert x86_64-unknown-linux-gnu file names to x86_64-unknown-linux-gnu format
configure:5509: result: func_convert_file_noop
configure:5516: checking how to convert x86_64-unknown-linux-gnu file names to toolchain format
configure:5536: result: func_convert_file_noop
configure:5543: checking for /usr/bin/ld option to reload object files
configure:5550: result: -r
configure:5624: checking for objdump
configure:5640: found /usr/bin/objdump
configure:5651: result: objdump
configure:5683: checking how to recognize dependent libraries
configure:5885: result: pass_all
configure:5970: checking for dlltool
configure:6000: result: no
configure:6030: checking how to associate runtime and link libraries
configure:6057: result: printf %s\n
configure:6118: checking for ar
configure:6134: found /usr/bin/ar
configure:6145: result: ar
configure:6182: checking for archiver @FILE support
configure:6199: gcc -c   conftest.c >&5
configure:6199: $? = 0
configure:6202: ar cru libconftest.a @conftest.lst >&5
configure:6205: $? = 0
configure:6210: ar cru libconftest.a @conftest.lst >&5
ar: conftest.o: No such file or directory
configure:6213: $? = 1
configure:6225: result: @
configure:6283: checking for strip
configure:6299: found /usr/bin/strip
configure:6310: result: strip
configure:6382: checking for ranlib
configure:6398: found /usr/bin/ranlib
configure:6409: result: ranlib
configure:6511: checking command to parse /usr/bin/nm -B output from gcc object
configure:6631: gcc -c   conftest.c >&5
configure:6634: $? = 0
configure:6638: /usr/bin/nm -B conftest.o \| sed -n -e 's/^.*[ ]\([ABCDGIRSTW][ABCDGIRSTW]*\)[ ][ ]*\([_A-Za-z][_A-Za-z0-9]*\)$/\1 \2 \2/p' | sed '/ __gnu_lto/d' \> conftest.nm
configure:6641: $? = 0
configure:6707: gcc -o conftest    conftest.c conftstm.o >&5
configure:6710: $? = 0
configure:6748: result: ok
configure:6785: checking for sysroot
configure:6815: result: no
configure:6892: gcc -c   conftest.c >&5
configure:6895: $? = 0
configure:7071: checking for mt
configure:7087: found /bin/mt
configure:7098: result: mt
configure:7121: checking if mt is a manifest tool
configure:7127: mt '-?'
configure:7135: result: no
configure:7773: checking for ANSI C header files
configure:7793: gcc -c   conftest.c >&5
configure:7793: $? = 0
configure:7866: gcc -o conftest    conftest.c  >&5
configure:7866: $? = 0
configure:7866: ./conftest
configure:7866: $? = 0
configure:7877: result: yes
configure:7890: checking for sys/types.h
configure:7890: gcc -c   conftest.c >&5
configure:7890: $? = 0
configure:7890: result: yes
configure:7890: checking for sys/stat.h
configure:7890: gcc -c   conftest.c >&5
configure:7890: $? = 0
configure:7890: result: yes
configure:7890: checking for stdlib.h
configure:7890: gcc -c   conftest.c >&5
configure:7890: $? = 0
configure:7890: result: yes
configure:7890: checking for string.h
configure:7890: gcc -c   conftest.c >&5
configure:7890: $? = 0
configure:7890: result: yes
configure:7890: checking for memory.h
configure:7890: gcc -c   conftest.c >&5
configure:7890: $? = 0
configure:7890: result: yes
configure:7890: checking for strings.h
configure:7890: gcc -c   conftest.c >&5
configure:7890: $? = 0
configure:7890: result: yes
configure:7890: checking for inttypes.h
configure:7890: gcc -c   conftest.c >&5
configure:7890: $? = 0
configure:7890: result: yes
configure:7890: checking for stdint.h
configure:7890: gcc -c   conftest.c >&5
configure:7890: $? = 0
configure:7890: result: yes
configure:7890: checking for unistd.h
configure:7890: gcc -c   conftest.c >&5
configure:7890: $? = 0
configure:7890: result: yes
configure:7904: checking for dlfcn.h
configure:7904: gcc -c   conftest.c >&5
configure:7904: $? = 0
configure:7904: result: yes
configure:8121: checking for objdir
configure:8136: result: .libs
configure:8407: checking if gcc supports -fno-rtti -fno-exceptions
configure:8425: gcc -c   -fno-rtti -fno-exceptions conftest.c >&5
cc1: warning: command line option '-fno-rtti' is valid for C++/ObjC++ but not for C [enabled by default]
configure:8429: $? = 0
configure:8442: result: no
configure:8769: checking for gcc option to produce PIC
configure:8776: result: -fPIC -DPIC
configure:8784: checking if gcc PIC flag -fPIC -DPIC works
configure:8802: gcc -c   -fPIC -DPIC -DPIC conftest.c >&5
configure:8806: $? = 0
configure:8819: result: yes
configure:8848: checking if gcc static flag -static works
configure:8876: result: yes
configure:8891: checking if gcc supports -c -o file.o
configure:8912: gcc -c   -o out/conftest2.o conftest.c >&5
configure:8916: $? = 0
configure:8938: result: yes
configure:8946: checking if gcc supports -c -o file.o
configure:8993: result: yes
configure:9026: checking whether the gcc linker (/usr/bin/ld -m elf_x86_64) supports shared libraries
configure:10183: result: yes
configure:10220: checking whether -lc should be explicitly linked in
configure:10228: gcc -c   conftest.c >&5
configure:10231: $? = 0
configure:10246: gcc -shared  -fPIC -DPIC conftest.o  -v -Wl,-soname -Wl,conftest -o conftest 2\>\&1 \| /bin/grep  -lc  \>/dev/null 2\>\&1
configure:10249: $? = 0
configure:10263: result: no
configure:10423: checking dynamic linker characteristics
configure:10934: gcc -o conftest    -Wl,-rpath -Wl,/foo conftest.c  >&5
configure:10934: $? = 0
configure:11168: result: GNU/Linux ld.so
configure:11275: checking how to hardcode library paths into programs
configure:11300: result: immediate
configure:11840: checking whether stripping libraries is possible
configure:11845: result: yes
configure:11880: checking if libtool supports shared libraries
configure:11882: result: yes
configure:11885: checking whether to build shared libraries
configure:11906: result: yes
configure:11909: checking whether to build static libraries
configure:11913: result: yes
configure:11936: checking how to run the C++ preprocessor
configure:11963: g++ -E  conftest.cpp
configure:11963: $? = 0
configure:11977: g++ -E  conftest.cpp
conftest.cpp:27:28: fatal error: ac_nonexistent.h: No such file or directory
compilation terminated.
configure:11977: $? = 1
configure: failed program was:
| /* confdefs.h */
| #define PACKAGE_NAME "libhmxml"
| #define PACKAGE_TARNAME "libhmxml"
| #define PACKAGE_VERSION "1.1.0"
| #define PACKAGE_STRING "libhmxml 1.1.0"
| #define PACKAGE_BUGREPORT "bugs@himickey.com"
| #define PACKAGE_URL ""
| #define PACKAGE "libhmxml"
| #define VERSION "0.1.0"
| #define LIBHMXML_MAJOR_VERSION 1
| #define LIBHMXML_MINOR_VERSION 1
| #define LIBHMXML_MICRO_VERSION 0
| #define LIBHMXML_VERSION "1.1.0"
| #define STDC_HEADERS 1
| #define HAVE_SYS_TYPES_H 1
| #define HAVE_SYS_STAT_H 1
| #define HAVE_STDLIB_H 1
| #define HAVE_STRING_H 1
| #define HAVE_MEMORY_H 1
| #define HAVE_STRINGS_H 1
| #define HAVE_INTTYPES_H 1
| #define HAVE_STDINT_H 1
| #define HAVE_UNISTD_H 1
| #define HAVE_DLFCN_H 1
| #define LT_OBJDIR ".libs/"
| /* end confdefs.h.  */
| #include <ac_nonexistent.h>
configure:12002: result: g++ -E
configure:12022: g++ -E  conftest.cpp
configure:12022: $? = 0
configure:12036: g++ -E  conftest.cpp
conftest.cpp:27:28: fatal error: ac_nonexistent.h: No such file or directory
compilation terminated.
configure:12036: $? = 1
configure: failed program was:
| /* confdefs.h */
| #define PACKAGE_NAME "libhmxml"
| #define PACKAGE_TARNAME "libhmxml"
| #define PACKAGE_VERSION "1.1.0"
| #define PACKAGE_STRING "libhmxml 1.1.0"
| #define PACKAGE_BUGREPORT "bugs@himickey.com"
| #define PACKAGE_URL ""
| #define PACKAGE "libhmxml"
| #define VERSION "0.1.0"
| #define LIBHMXML_MAJOR_VERSION 1
| #define LIBHMXML_MINOR_VERSION 1
| #define LIBHMXML_MICRO_VERSION 0
| #define LIBHMXML_VERSION "1.1.0"
| #define STDC_HEADERS 1
| #define HAVE_SYS_TYPES_H 1
| #define HAVE_SYS_STAT_H 1
| #define HAVE_STDLIB_H 1
| #define HAVE_STRING_H 1
| #define HAVE_MEMORY_H 1
| #define HAVE_STRINGS_H 1
| #define HAVE_INTTYPES_H 1
| #define HAVE_STDINT_H 1
| #define HAVE_UNISTD_H 1
| #define HAVE_DLFCN_H 1
| #define LT_OBJDIR ".libs/"
| /* end confdefs.h.  */
| #include <ac_nonexistent.h>
configure:12205: checking for ld used by g++
configure:12272: result: /usr/bin/ld -m elf_x86_64
configure:12279: checking if the linker (/usr/bin/ld -m elf_x86_64) is GNU ld
configure:12294: result: yes
configure:12349: checking whether the g++ linker (/usr/bin/ld -m elf_x86_64) supports shared libraries
configure:13354: result: yes
configure:13390: g++ -c -g -O2  conftest.cpp >&5
configure:13393: $? = 0
configure:13913: checking for g++ option to produce PIC
configure:13920: result: -fPIC -DPIC
configure:13928: checking if g++ PIC flag -fPIC -DPIC works
configure:13946: g++ -c -g -O2  -fPIC -DPIC -DPIC conftest.cpp >&5
configure:13950: $? = 0
configure:13963: result: yes
configure:13986: checking if g++ static flag -static works
configure:14014: result: yes
configure:14026: checking if g++ supports -c -o file.o
configure:14047: g++ -c -g -O2  -o out/conftest2.o conftest.cpp >&5
configure:14051: $? = 0
configure:14073: result: yes
configure:14078: checking if g++ supports -c -o file.o
configure:14125: result: yes
configure:14155: checking whether the g++ linker (/usr/bin/ld -m elf_x86_64) supports shared libraries
configure:14194: result: yes
configure:14335: checking dynamic linker characteristics
configure:15014: result: GNU/Linux ld.so
configure:15067: checking how to hardcode library paths into programs
configure:15092: result: immediate
configure:15161: checking fcntl.h usability
configure:15161: gcc -c   conftest.c >&5
configure:15161: $? = 0
configure:15161: result: yes
configure:15161: checking fcntl.h presence
configure:15161: gcc -E  conftest.c
configure:15161: $? = 0
configure:15161: result: yes
configure:15161: checking for fcntl.h
configure:15161: result: yes
configure:15161: checking for stdlib.h
configure:15161: result: yes
configure:15161: checking for string.h
configure:15161: result: yes
configure:15161: checking for unistd.h
configure:15161: result: yes
configure:15173: checking for size_t
configure:15173: gcc -c   conftest.c >&5
configure:15173: $? = 0
configure:15173: gcc -c   conftest.c >&5
conftest.c: In function 'main':
conftest.c:67:21: error: expected expression before ')' token
configure:15173: $? = 1
configure: failed program was:
| /* confdefs.h */
| #define PACKAGE_NAME "libhmxml"
| #define PACKAGE_TARNAME "libhmxml"
| #define PACKAGE_VERSION "1.1.0"
| #define PACKAGE_STRING "libhmxml 1.1.0"
| #define PACKAGE_BUGREPORT "bugs@himickey.com"
| #define PACKAGE_URL ""
| #define PACKAGE "libhmxml"
| #define VERSION "0.1.0"
| #define LIBHMXML_MAJOR_VERSION 1
| #define LIBHMXML_MINOR_VERSION 1
| #define LIBHMXML_MICRO_VERSION 0
| #define LIBHMXML_VERSION "1.1.0"
| #define STDC_HEADERS 1
| #define HAVE_SYS_TYPES_H 1
| #define HAVE_SYS_STAT_H 1
| #define HAVE_STDLIB_H 1
| #define HAVE_STRING_H 1
| #define HAVE_MEMORY_H 1
| #define HAVE_STRINGS_H 1
| #define HAVE_INTTYPES_H 1
| #define HAVE_STDINT_H 1
| #define HAVE_UNISTD_H 1
| #define HAVE_DLFCN_H 1
| #define LT_OBJDIR ".libs/"
| #define HAVE_FCNTL_H 1
| #define HAVE_STDLIB_H 1
| #define HAVE_STRING_H 1
| #define HAVE_UNISTD_H 1
| /* end confdefs.h.  */
| #include <stdio.h>
| #ifdef HAVE_SYS_TYPES_H
| # include <sys/types.h>
| #endif
| #ifdef HAVE_SYS_STAT_H
| # include <sys/stat.h>
| #endif
| #ifdef STDC_HEADERS
| # include <stdlib.h>
| # include <stddef.h>
| #else
| # ifdef HAVE_STDLIB_H
| #  include <stdlib.h>
| # endif
| #endif
| #ifdef HAVE_STRING_H
| # if !defined STDC_HEADERS && defined HAVE_MEMORY_H
| #  include <memory.h>
| # endif
| # include <string.h>
| #endif
| #ifdef HAVE_STRINGS_H
| # include <strings.h>
| #endif
| #ifdef HAVE_INTTYPES_H
| # include <inttypes.h>
| #endif
| #ifdef HAVE_STDINT_H
| # include <stdint.h>
| #endif
| #ifdef HAVE_UNISTD_H
| # include <unistd.h>
| #endif
| int
| main ()
| {
| if (sizeof ((size_t)))
| 	    return 0;
|   ;
|   return 0;
| }
configure:15173: result: yes
configure:15188: checking for stdlib.h
configure:15188: result: yes
configure:15198: checking for GNU libc compatible malloc
configure:15222: gcc -o conftest    conftest.c  >&5
configure:15222: $? = 0
configure:15222: ./conftest
configure:15222: $? = 0
configure:15232: result: yes
configure:15255: checking for stdlib.h
configure:15255: result: yes
configure:15265: checking for GNU libc compatible realloc
configure:15289: gcc -o conftest    conftest.c  >&5
configure:15289: $? = 0
configure:15289: ./conftest
configure:15289: $? = 0
configure:15299: result: yes
configure:15320: checking for working strtod
configure:15361: gcc -o conftest    conftest.c  >&5
configure:15361: $? = 0
configure:15361: ./conftest
configure:15361: $? = 0
configure:15371: result: yes
configure:15436: checking for memmove
configure:15436: gcc -o conftest    conftest.c  >&5
conftest.c:58:6: warning: conflicting types for built-in function 'memmove' [enabled by default]
configure:15436: $? = 0
configure:15436: result: yes
configure:15436: checking for memset
configure:15436: gcc -o conftest    conftest.c  >&5
conftest.c:59:6: warning: conflicting types for built-in function 'memset' [enabled by default]
configure:15436: $? = 0
configure:15436: result: yes
configure:15436: checking for strchr
configure:15436: gcc -o conftest    conftest.c  >&5
conftest.c:60:6: warning: conflicting types for built-in function 'strchr' [enabled by default]
configure:15436: $? = 0
configure:15436: result: yes
configure:15436: checking for strdup
configure:15436: gcc -o conftest    conftest.c  >&5
conftest.c:61:6: warning: conflicting types for built-in function 'strdup' [enabled by default]
configure:15436: $? = 0
configure:15436: result: yes
configure:15436: checking for strerror
configure:15436: gcc -o conftest    conftest.c  >&5
configure:15436: $? = 0
configure:15436: result: yes
configure:15436: checking for strrchr
configure:15436: gcc -o conftest    conftest.c  >&5
conftest.c:63:6: warning: conflicting types for built-in function 'strrchr' [enabled by default]
configure:15436: $? = 0
configure:15436: result: yes
configure:15436: checking for strstr
configure:15436: gcc -o conftest    conftest.c  >&5
conftest.c:64:6: warning: conflicting types for built-in function 'strstr' [enabled by default]
configure:15436: $? = 0
configure:15436: result: yes
configure:15436: checking for strtol
configure:15436: gcc -o conftest    conftest.c  >&5
configure:15436: $? = 0
configure:15436: result: yes
configure:15501: checking for pkg-config
configure:15519: found /usr/bin/pkg-config
configure:15531: result: /usr/bin/pkg-config
configure:15556: checking pkg-config is at least version 0.9.0
configure:15559: result: yes
configure:15568: FOUND CFLAGS DEFINES : ""
configure:15570: FOUND CPPFLAGS DEFINES : ""
configure:15572: FOUND LIBS DEFINES : ""
configure:15712: creating ./config.status

## ---------------- ##
## Cache variables. ##
## ---------------- ##

ac_cv_build=x86_64-unknown-linux-gnu
ac_cv_c_compiler_gnu=yes
ac_cv_cxx_compiler_gnu=yes
ac_cv_env_CCC_set=
ac_cv_env_CCC_value=
ac_cv_env_CC_set=
ac_cv_env_CC_value=
ac_cv_env_CFLAGS_set=
ac_cv_env_CFLAGS_value=
ac_cv_env_CPPFLAGS_set=
ac_cv_env_CPPFLAGS_value=
ac_cv_env_CPP_set=
ac_cv_env_CPP_value=
ac_cv_env_CXXCPP_set=
ac_cv_env_CXXCPP_value=
ac_cv_env_CXXFLAGS_set=
ac_cv_env_CXXFLAGS_value=
ac_cv_env_CXX_set=
ac_cv_env_CXX_value=
ac_cv_env_LDFLAGS_set=
ac_cv_env_LDFLAGS_value=
ac_cv_env_LIBS_set=
ac_cv_env_LIBS_value=
ac_cv_env_PKG_CONFIG_LIBDIR_set=
ac_cv_env_PKG_CONFIG_LIBDIR_value=
ac_cv_env_PKG_CONFIG_PATH_set=
ac_cv_env_PKG_CONFIG_PATH_value=
ac_cv_env_PKG_CONFIG_set=
ac_cv_env_PKG_CONFIG_value=
ac_cv_env_build_alias_set=
ac_cv_env_build_alias_value=
ac_cv_env_host_alias_set=
ac_cv_env_host_alias_value=
ac_cv_env_target_alias_set=
ac_cv_env_target_alias_value=
ac_cv_func_malloc_0_nonnull=yes
ac_cv_func_memmove=yes
ac_cv_func_memset=yes
ac_cv_func_realloc_0_nonnull=yes
ac_cv_func_strchr=yes
ac_cv_func_strdup=yes
ac_cv_func_strerror=yes
ac_cv_func_strrchr=yes
ac_cv_func_strstr=yes
ac_cv_func_strtod=yes
ac_cv_func_strtol=yes
ac_cv_header_dlfcn_h=yes
ac_cv_header_fcntl_h=yes
ac_cv_header_inttypes_h=yes
ac_cv_header_memory_h=yes
ac_cv_header_stdc=yes
ac_cv_header_stdint_h=yes
ac_cv_header_stdlib_h=yes
ac_cv_header_string_h=yes
ac_cv_header_strings_h=yes
ac_cv_header_sys_stat_h=yes
ac_cv_header_sys_types_h=yes
ac_cv_header_unistd_h=yes
ac_cv_host=x86_64-unknown-linux-gnu
ac_cv_objext=o
ac_cv_path_EGREP='/bin/grep -E'
ac_cv_path_FGREP='/bin/grep -F'
ac_cv_path_GREP=/bin/grep
ac_cv_path_SED=/bin/sed
ac_cv_path_ac_pt_PKG_CONFIG=/usr/bin/pkg-config
ac_cv_path_install='/usr/bin/install -c'
ac_cv_path_mkdir=/bin/mkdir
ac_cv_prog_AWK=gawk
ac_cv_prog_CPP='gcc -E'
ac_cv_prog_CXXCPP='g++ -E'
ac_cv_prog_ac_ct_AR=ar
ac_cv_prog_ac_ct_CC=gcc
ac_cv_prog_ac_ct_CXX=g++
ac_cv_prog_ac_ct_MANIFEST_TOOL=mt
ac_cv_prog_ac_ct_OBJDUMP=objdump
ac_cv_prog_ac_ct_RANLIB=ranlib
ac_cv_prog_ac_ct_STRIP=strip
ac_cv_prog_cc_c89=
ac_cv_prog_cc_g=yes
ac_cv_prog_cxx_g=yes
ac_cv_prog_make_make_set=yes
ac_cv_type_size_t=yes
am_cv_CC_dependencies_compiler_type=gcc3
am_cv_CXX_dependencies_compiler_type=gcc3
lt_cv_ar_at_file=@
lt_cv_archive_cmds_need_lc=no
lt_cv_deplibs_check_method=pass_all
lt_cv_file_magic_cmd='$MAGIC_CMD'
lt_cv_file_magic_test_file=
lt_cv_ld_reload_flag=-r
lt_cv_nm_interface='BSD nm'
lt_cv_objdir=.libs
lt_cv_path_LD=/usr/bin/ld
lt_cv_path_LDCXX='/usr/bin/ld -m elf_x86_64'
lt_cv_path_NM='/usr/bin/nm -B'
lt_cv_path_mainfest_tool=no
lt_cv_prog_compiler_c_o=yes
lt_cv_prog_compiler_c_o_CXX=yes
lt_cv_prog_compiler_pic='-fPIC -DPIC'
lt_cv_prog_compiler_pic_CXX='-fPIC -DPIC'
lt_cv_prog_compiler_pic_works=yes
lt_cv_prog_compiler_pic_works_CXX=yes
lt_cv_prog_compiler_rtti_exceptions=no
lt_cv_prog_compiler_static_works=yes
lt_cv_prog_compiler_static_works_CXX=yes
lt_cv_prog_gnu_ld=yes
lt_cv_prog_gnu_ldcxx=yes
lt_cv_sharedlib_from_linklib_cmd='printf %s\n'
lt_cv_shlibpath_overrides_runpath=no
lt_cv_sys_global_symbol_pipe='sed -n -e '\''s/^.*[	 ]\([ABCDGIRSTW][ABCDGIRSTW]*\)[	 ][	 ]*\([_A-Za-z][_A-Za-z0-9]*\)$/\1 \2 \2/p'\'' | sed '\''/ __gnu_lto/d'\'''
lt_cv_sys_global_symbol_to_c_name_address='sed -n -e '\''s/^: \([^ ]*\)[ ]*$/  {\"\1\", (void *) 0},/p'\'' -e '\''s/^[ABCDGIRSTW]* \([^ ]*\) \([^ ]*\)$/  {"\2", (void *) \&\2},/p'\'''
lt_cv_sys_global_symbol_to_c_name_address_lib_prefix='sed -n -e '\''s/^: \([^ ]*\)[ ]*$/  {\"\1\", (void *) 0},/p'\'' -e '\''s/^[ABCDGIRSTW]* \([^ ]*\) \(lib[^ ]*\)$/  {"\2", (void *) \&\2},/p'\'' -e '\''s/^[ABCDGIRSTW]* \([^ ]*\) \([^ ]*\)$/  {"lib\2", (void *) \&\2},/p'\'''
lt_cv_sys_global_symbol_to_cdecl='sed -n -e '\''s/^T .* \(.*\)$/extern int \1();/p'\'' -e '\''s/^[ABCDGIRSTW]* .* \(.*\)$/extern char \1;/p'\'''
lt_cv_sys_max_cmd_len=3458764513820540925
lt_cv_to_host_file_cmd=func_convert_file_noop
lt_cv_to_tool_file_cmd=func_convert_file_noop

## ----------------- ##
## Output variables. ##
## ----------------- ##

ACLOCAL='${SHELL} /home/compiler/hm-platform/trunk/hm-libs/hmxml/missing --run aclocal-1.11'
AMDEPBACKSLASH='\'
AMDEP_FALSE='#'
AMDEP_TRUE=''
AMTAR='$${TAR-tar}'
AR='ar'
AUTOCONF='${SHELL} /home/compiler/hm-platform/trunk/hm-libs/hmxml/missing --run autoconf'
AUTOHEADER='${SHELL} /home/compiler/hm-platform/trunk/hm-libs/hmxml/missing --run autoheader'
AUTOMAKE='${SHELL} /home/compiler/hm-platform/trunk/hm-libs/hmxml/missing --run automake-1.11'
AWK='gawk'
CC='gcc'
CCDEPMODE='depmode=gcc3'
CFLAGS=''
CPP='gcc -E'
CPPFLAGS=''
CXX='g++'
CXXCPP='g++ -E'
CXXDEPMODE='depmode=gcc3'
CXXFLAGS='-g -O2'
CYGPATH_W='echo'
DEFS='-DHAVE_CONFIG_H'
DEPDIR='.deps'
DLLTOOL='false'
DSYMUTIL=''
DUMPBIN=''
ECHO_C=''
ECHO_N='-n'
ECHO_T=''
EGREP='/bin/grep -E'
EXEEXT=''
FGREP='/bin/grep -F'
GREP='/bin/grep'
INSTALL_DATA='${INSTALL} -m 644'
INSTALL_PROGRAM='${INSTALL}'
INSTALL_SCRIPT='${INSTALL}'
INSTALL_STRIP_PROGRAM='$(install_sh) -c -s'
LD='/usr/bin/ld -m elf_x86_64'
LDFLAGS=''
LIBHMXML_SO_VERSION='2:0:1'
LIBHMXML_VERSION='1.1.0'
LIBOBJS=''
LIBS=''
LIBTOOL='$(SHELL) $(top_builddir)/libtool'
LIPO=''
LN_S='ln -s'
LTLIBOBJS=''
MAKEINFO='${SHELL} /home/compiler/hm-platform/trunk/hm-libs/hmxml/missing --run makeinfo'
MANIFEST_TOOL=':'
MKDIR_P='/bin/mkdir -p'
NM='/usr/bin/nm -B'
NMEDIT=''
OBJDUMP='objdump'
OBJEXT='o'
OTOOL64=''
OTOOL=''
PACKAGE='libhmxml'
PACKAGE_BUGREPORT='bugs@himickey.com'
PACKAGE_NAME='libhmxml'
PACKAGE_STRING='libhmxml 1.1.0'
PACKAGE_TARNAME='libhmxml'
PACKAGE_URL=''
PACKAGE_VERSION='1.1.0'
PATH_SEPARATOR=':'
PKG_CONFIG='/usr/bin/pkg-config'
PKG_CONFIG_LIBDIR=''
PKG_CONFIG_PATH=''
POW_LIB=''
RANLIB='ranlib'
SED='/bin/sed'
SET_MAKE=''
SHELL='/bin/bash'
STRIP='strip'
VERSION='0.1.0'
ac_ct_AR='ar'
ac_ct_CC='gcc'
ac_ct_CXX='g++'
ac_ct_DUMPBIN=''
am__EXEEXT_FALSE=''
am__EXEEXT_TRUE='#'
am__fastdepCC_FALSE='#'
am__fastdepCC_TRUE=''
am__fastdepCXX_FALSE='#'
am__fastdepCXX_TRUE=''
am__include='include'
am__isrc=''
am__leading_dot='.'
am__nodep='_no'
am__quote=''
am__tar='$${TAR-tar} chof - "$$tardir"'
am__untar='$${TAR-tar} xf -'
bindir='${exec_prefix}/bin'
build='x86_64-unknown-linux-gnu'
build_alias=''
build_cpu='x86_64'
build_os='linux-gnu'
build_vendor='unknown'
datadir='${datarootdir}'
datarootdir='${prefix}/share'
docdir='${datarootdir}/doc/${PACKAGE_TARNAME}'
dvidir='${docdir}'
exec_prefix='${prefix}'
host='x86_64-unknown-linux-gnu'
host_alias=''
host_cpu='x86_64'
host_os='linux-gnu'
host_vendor='unknown'
htmldir='${docdir}'
includedir='${prefix}/include'
infodir='${datarootdir}/info'
install_sh='${SHELL} /home/compiler/hm-platform/trunk/hm-libs/hmxml/install-sh'
libdir='${exec_prefix}/lib'
libexecdir='${exec_prefix}/libexec'
localedir='${datarootdir}/locale'
localstatedir='${prefix}/var'
mandir='${datarootdir}/man'
mkdir_p='/bin/mkdir -p'
oldincludedir='/usr/include'
pdfdir='${docdir}'
prefix='/home/compiler/usr'
program_transform_name='s,x,x,'
psdir='${docdir}'
sbindir='${exec_prefix}/sbin'
sharedstatedir='${prefix}/com'
sysconfdir='${prefix}/etc'
target_alias=''

## ----------- ##
## confdefs.h. ##
## ----------- ##

/* confdefs.h */
#define PACKAGE_NAME "libhmxml"
#define PACKAGE_TARNAME "libhmxml"
#define PACKAGE_VERSION "1.1.0"
#define PACKAGE_STRING "libhmxml 1.1.0"
#define PACKAGE_BUGREPORT "bugs@himickey.com"
#define PACKAGE_URL ""
#define PACKAGE "libhmxml"
#define VERSION "0.1.0"
#define LIBHMXML_MAJOR_VERSION 1
#define LIBHMXML_MINOR_VERSION 1
#define LIBHMXML_MICRO_VERSION 0
#define LIBHMXML_VERSION "1.1.0"
#define STDC_HEADERS 1
#define HAVE_SYS_TYPES_H 1
#define HAVE_SYS_STAT_H 1
#define HAVE_STDLIB_H 1
#define HAVE_STRING_H 1
#define HAVE_MEMORY_H 1
#define HAVE_STRINGS_H 1
#define HAVE_INTTYPES_H 1
#define HAVE_STDINT_H 1
#define HAVE_UNISTD_H 1
#define HAVE_DLFCN_H 1
#define LT_OBJDIR ".libs/"
#define HAVE_FCNTL_H 1
#define HAVE_STDLIB_H 1
#define HAVE_STRING_H 1
#define HAVE_UNISTD_H 1
#define HAVE_STDLIB_H 1
#define HAVE_MALLOC 1
#define HAVE_STDLIB_H 1
#define HAVE_REALLOC 1
#define HAVE_MEMMOVE 1
#define HAVE_MEMSET 1
#define HAVE_STRCHR 1
#define HAVE_STRDUP 1
#define HAVE_STRERROR 1
#define HAVE_STRRCHR 1
#define HAVE_STRSTR 1
#define HAVE_STRTOL 1

configure: exit 0

## ---------------------- ##
## Running config.status. ##
## ---------------------- ##

This file was extended by libhmxml config.status 1.1.0, which was
generated by GNU Autoconf 2.68.  Invocation command line was

  CONFIG_FILES    = 
  CONFIG_HEADERS  = 
  CONFIG_LINKS    = 
  CONFIG_COMMANDS = 
  $ ./config.status 

on Compiler

config.status:1180: creating Makefile
config.status:1180: creating libhmxml.pc
config.status:1180: creating src/Makefile
config.status:1180: creating test/Makefile
config.status:1180: creating config.h
config.status:1361: config.h is unchanged
config.status:1409: executing depfiles commands
config.status:1409: executing libtool commands

## ---------------------- ##
## Running config.status. ##
## ---------------------- ##

This file was extended by libhmxml config.status 1.1.0, which was
generated by GNU Autoconf 2.68.  Invocation command line was

  CONFIG_FILES    = 
  CONFIG_HEADERS  = 
  CONFIG_LINKS    = 
  CONFIG_COMMANDS = 
  $ ./config.status config.h

on Compiler

config.status:1180: creating config.h
config.status:1361: config.h is unchanged

## ---------------------- ##
## Running config.status. ##
## ---------------------- ##

This file was extended by libhmxml config.status 1.1.0, which was
generated by GNU Autoconf 2.68.  Invocation command line was

  CONFIG_FILES    = 
  CONFIG_HEADERS  = 
  CONFIG_LINKS    = 
  CONFIG_COMMANDS = 
  $ ./config.status Makefile

on Compiler

config.status:1180: creating Makefile

## ---------------------- ##
## Running config.status. ##
## ---------------------- ##

This file was extended by libhmxml config.status 1.1.0, which was
generated by GNU Autoconf 2.68.  Invocation command line was

  CONFIG_FILES    = 
  CONFIG_HEADERS  = 
  CONFIG_LINKS    = 
  CONFIG_COMMANDS = 
  $ ./config.status src/Makefile depfiles

on Compiler

config.status:1180: creating src/Makefile
config.status:1409: executing depfiles commands

## ---------------------- ##
## Running config.status. ##
## ---------------------- ##

This file was extended by libhmxml config.status 1.1.0, which was
generated by GNU Autoconf 2.68.  Invocation command line was

  CONFIG_FILES    = 
  CONFIG_HEADERS  = 
  CONFIG_LINKS    = 
  CONFIG_COMMANDS = 
  $ ./config.status test/Makefile depfiles

on Compiler

config.status:1180: creating test/Makefile
config.status:1409: executing depfiles commands
