This file contains any messages produced by compilers while
running configure, to aid debugging if configure makes a mistake.

It was created by libhmlib configure 1.1.0, which was
generated by GNU Autoconf 2.68.  Invocation command line was

  $ ./configure --prefix=/home/compiler/usr --no-create --no-recursion

## --------- ##
## Platform. ##
## --------- ##

hostname = Compiler
uname -m = x86_64
uname -r = 3.13.11.7-20141024
uname -s = Linux
uname -v = #5 SMP Fri Oct 24 18:19:53 CST 2014

/usr/bin/uname -p = unknown
/bin/uname -X     = unknown

/bin/arch              = unknown
/usr/bin/arch -k       = unknown
/usr/convex/getsysinfo = unknown
/usr/bin/hostinfo      = unknown
/bin/machine           = unknown
/usr/bin/oslevel       = unknown
/bin/universe          = unknown

PATH: /usr/local/sbin
PATH: /usr/local/bin
PATH: /usr/sbin
PATH: /usr/bin
PATH: /sbin
PATH: /bin
PATH: /usr/games


## ----------- ##
## Core tests. ##
## ----------- ##

configure:2294: checking for a BSD-compatible install
configure:2362: result: /usr/bin/install -c
configure:2373: checking whether build environment is sane
configure:2423: result: yes
configure:2564: checking for a thread-safe mkdir -p
configure:2603: result: /bin/mkdir -p
configure:2616: checking for gawk
configure:2632: found /usr/bin/gawk
configure:2643: result: gawk
configure:2654: checking whether make sets $(MAKE)
configure:2676: result: yes
configure:2762: libhmlib-1.1.0		A library for xxxxxx.
configure:2850: checking for gcc
configure:2866: found /usr/bin/gcc
configure:2877: result: gcc
configure:3106: checking for C compiler version
configure:3115: gcc --version >&5
gcc (Ubuntu/Linaro 4.6.3-1ubuntu5) 4.6.3
Copyright (C) 2011 Free Software Foundation, Inc.
This is free software; see the source for copying conditions.  There is NO
warranty; not even for MERCHANTABILITY or FITNESS FOR A PARTICULAR PURPOSE.

configure:3126: $? = 0
configure:3115: gcc -v >&5
Using built-in specs.
COLLECT_GCC=gcc
COLLECT_LTO_WRAPPER=/usr/lib/gcc/x86_64-linux-gnu/4.6/lto-wrapper
Target: x86_64-linux-gnu
Configured with: ../src/configure -v --with-pkgversion='Ubuntu/Linaro 4.6.3-1ubuntu5' --with-bugurl=file:///usr/share/doc/gcc-4.6/README.Bugs --enable-languages=c,c++,fortran,objc,obj-c++ --prefix=/usr --program-suffix=-4.6 --enable-shared --enable-linker-build-id --with-system-zlib --libexecdir=/usr/lib --without-included-gettext --enable-threads=posix --with-gxx-include-dir=/usr/include/c++/4.6 --libdir=/usr/lib --enable-nls --with-sysroot=/ --enable-clocale=gnu --enable-libstdcxx-debug --enable-libstdcxx-time=yes --enable-gnu-unique-object --enable-plugin --enable-objc-gc --disable-werror --with-arch-32=i686 --with-tune=generic --enable-checking=release --build=x86_64-linux-gnu --host=x86_64-linux-gnu --target=x86_64-linux-gnu
Thread model: posix
gcc version 4.6.3 (Ubuntu/Linaro 4.6.3-1ubuntu5) 
configure:3126: $? = 0
configure:3115: gcc -V >&5
gcc: error: unrecognized option '-V'
gcc: fatal error: no input files
compilation terminated.
configure:3126: $? = 4
configure:3115: gcc -qversion >&5
gcc: error: unrecognized option '-qversion'
gcc: fatal error: no input files
compilation terminated.
configure:3126: $? = 4
configure:3146: checking whether the C compiler works
configure:3168: gcc    conftest.c  >&5
configure:3172: $? = 0
configure:3220: result: yes
configure:3223: checking for C compiler default output file name
configure:3225: result: a.out
configure:3231: checking for suffix of executables
configure:3238: gcc -o conftest    conftest.c  >&5
configure:3242: $? = 0
configure:3264: result: 
configure:3286: checking whether we are cross compiling
configure:3294: gcc -o conftest    conftest.c  >&5
configure:3298: $? = 0
configure:3305: ./conftest
configure:3309: $? = 0
configure:3324: result: no
configure:3329: checking for suffix of object files
configure:3351: gcc -c   conftest.c >&5
configure:3355: $? = 0
configure:3376: result: o
configure:3380: checking whether we are using the GNU C compiler
configure:3399: gcc -c   conftest.c >&5
configure:3399: $? = 0
configure:3408: result: yes
configure:3417: checking whether gcc accepts -g
configure:3437: gcc -c -g  conftest.c >&5
configure:3437: $? = 0
configure:3478: result: yes
configure:3495: checking for gcc option to accept ISO C89
configure:3559: gcc  -c   conftest.c >&5
configure:3559: $? = 0
configure:3572: result: none needed
configure:3603: checking for style of include used by make
configure:3631: result: GNU
configure:3657: checking dependency style of gcc
configure:3768: result: gcc3
configure:3788: checking how to run the C preprocessor
configure:3819: gcc -E  conftest.c
configure:3819: $? = 0
configure:3833: gcc -E  conftest.c
conftest.c:15:28: fatal error: ac_nonexistent.h: No such file or directory
compilation terminated.
configure:3833: $? = 1
configure: failed program was:
| /* confdefs.h */
| #define PACKAGE_NAME "libhmlib"
| #define PACKAGE_TARNAME "libhmlib"
| #define PACKAGE_VERSION "1.1.0"
| #define PACKAGE_STRING "libhmlib 1.1.0"
| #define PACKAGE_BUGREPORT "bugs@himickey.com"
| #define PACKAGE_URL ""
| #define PACKAGE "libhmlib"
| #define VERSION "1.1.0"
| #define LIBHMLIB_MAJOR_VERSION 1
| #define LIBHMLIB_MINOR_VERSION 1
| #define LIBHMLIB_MICRO_VERSION 0
| #define LIBHMLIB_VERSION "1.1.0"
| /* end confdefs.h.  */
| #include <ac_nonexistent.h>
configure:3858: result: gcc -E
configure:3878: gcc -E  conftest.c
configure:3878: $? = 0
configure:3892: gcc -E  conftest.c
conftest.c:15:28: fatal error: ac_nonexistent.h: No such file or directory
compilation terminated.
configure:3892: $? = 1
configure: failed program was:
| /* confdefs.h */
| #define PACKAGE_NAME "libhmlib"
| #define PACKAGE_TARNAME "libhmlib"
| #define PACKAGE_VERSION "1.1.0"
| #define PACKAGE_STRING "libhmlib 1.1.0"
| #define PACKAGE_BUGREPORT "bugs@himickey.com"
| #define PACKAGE_URL ""
| #define PACKAGE "libhmlib"
| #define VERSION "1.1.0"
| #define LIBHMLIB_MAJOR_VERSION 1
| #define LIBHMLIB_MINOR_VERSION 1
| #define LIBHMLIB_MICRO_VERSION 0
| #define LIBHMLIB_VERSION "1.1.0"
| /* end confdefs.h.  */
| #include <ac_nonexistent.h>
configure:3921: checking whether ln -s works
configure:3925: result: yes
configure:3932: checking whether make sets $(MAKE)
configure:3954: result: yes
configure:3994: checking build system type
configure:4008: result: x86_64-unknown-linux-gnu
configure:4028: checking host system type
configure:4041: result: x86_64-unknown-linux-gnu
configure:4082: checking how to print strings
configure:4109: result: printf
configure:4130: checking for a sed that does not truncate output
configure:4194: result: /bin/sed
configure:4212: checking for grep that handles long lines and -e
configure:4270: result: /bin/grep
configure:4275: checking for egrep
configure:4337: result: /bin/grep -E
configure:4342: checking for fgrep
configure:4404: result: /bin/grep -F
configure:4439: checking for ld used by gcc
configure:4506: result: /usr/bin/ld
configure:4513: checking if the linker (/usr/bin/ld) is GNU ld
configure:4528: result: yes
configure:4540: checking for BSD- or MS-compatible name lister (nm)
configure:4589: result: /usr/bin/nm -B
configure:4719: checking the name lister (/usr/bin/nm -B) interface
configure:4726: gcc -c   conftest.c >&5
configure:4729: /usr/bin/nm -B "conftest.o"
configure:4732: output
0000000000000000 B some_variable
configure:4739: result: BSD nm
configure:4743: checking the maximum length of command line arguments
configure:4873: result: 3458764513820540925
configure:4890: checking whether the shell understands some XSI constructs
configure:4900: result: yes
configure:4904: checking whether the shell understands "+="
configure:4910: result: yes
configure:4945: checking how to convert x86_64-unknown-linux-gnu file names to x86_64-unknown-linux-gnu format
configure:4985: result: func_convert_file_noop
configure:4992: checking how to convert x86_64-unknown-linux-gnu file names to toolchain format
configure:5012: result: func_convert_file_noop
configure:5019: checking for /usr/bin/ld option to reload object files
configure:5026: result: -r
configure:5100: checking for objdump
configure:5116: found /usr/bin/objdump
configure:5127: result: objdump
configure:5159: checking how to recognize dependent libraries
configure:5361: result: pass_all
configure:5446: checking for dlltool
configure:5476: result: no
configure:5506: checking how to associate runtime and link libraries
configure:5533: result: printf %s\n
configure:5594: checking for ar
configure:5610: found /usr/bin/ar
configure:5621: result: ar
configure:5658: checking for archiver @FILE support
configure:5675: gcc -c   conftest.c >&5
configure:5675: $? = 0
configure:5678: ar cru libconftest.a @conftest.lst >&5
configure:5681: $? = 0
configure:5686: ar cru libconftest.a @conftest.lst >&5
ar: conftest.o: No such file or directory
configure:5689: $? = 1
configure:5701: result: @
configure:5759: checking for strip
configure:5775: found /usr/bin/strip
configure:5786: result: strip
configure:5858: checking for ranlib
configure:5874: found /usr/bin/ranlib
configure:5885: result: ranlib
configure:5987: checking command to parse /usr/bin/nm -B output from gcc object
configure:6107: gcc -c   conftest.c >&5
configure:6110: $? = 0
configure:6114: /usr/bin/nm -B conftest.o \| sed -n -e 's/^.*[ ]\([ABCDGIRSTW][ABCDGIRSTW]*\)[ ][ ]*\([_A-Za-z][_A-Za-z0-9]*\)$/\1 \2 \2/p' | sed '/ __gnu_lto/d' \> conftest.nm
configure:6117: $? = 0
configure:6183: gcc -o conftest    conftest.c conftstm.o >&5
configure:6186: $? = 0
configure:6224: result: ok
configure:6261: checking for sysroot
configure:6291: result: no
configure:6368: gcc -c   conftest.c >&5
configure:6371: $? = 0
configure:6547: checking for mt
configure:6563: found /bin/mt
configure:6574: result: mt
configure:6597: checking if mt is a manifest tool
configure:6603: mt '-?'
configure:6611: result: no
configure:7249: checking for ANSI C header files
configure:7269: gcc -c   conftest.c >&5
configure:7269: $? = 0
configure:7342: gcc -o conftest    conftest.c  >&5
configure:7342: $? = 0
configure:7342: ./conftest
configure:7342: $? = 0
configure:7353: result: yes
configure:7366: checking for sys/types.h
configure:7366: gcc -c   conftest.c >&5
configure:7366: $? = 0
configure:7366: result: yes
configure:7366: checking for sys/stat.h
configure:7366: gcc -c   conftest.c >&5
configure:7366: $? = 0
configure:7366: result: yes
configure:7366: checking for stdlib.h
configure:7366: gcc -c   conftest.c >&5
configure:7366: $? = 0
configure:7366: result: yes
configure:7366: checking for string.h
configure:7366: gcc -c   conftest.c >&5
configure:7366: $? = 0
configure:7366: result: yes
configure:7366: checking for memory.h
configure:7366: gcc -c   conftest.c >&5
configure:7366: $? = 0
configure:7366: result: yes
configure:7366: checking for strings.h
configure:7366: gcc -c   conftest.c >&5
configure:7366: $? = 0
configure:7366: result: yes
configure:7366: checking for inttypes.h
configure:7366: gcc -c   conftest.c >&5
configure:7366: $? = 0
configure:7366: result: yes
configure:7366: checking for stdint.h
configure:7366: gcc -c   conftest.c >&5
configure:7366: $? = 0
configure:7366: result: yes
configure:7366: checking for unistd.h
configure:7366: gcc -c   conftest.c >&5
configure:7366: $? = 0
configure:7366: result: yes
configure:7380: checking for dlfcn.h
configure:7380: gcc -c   conftest.c >&5
configure:7380: $? = 0
configure:7380: result: yes
configure:7586: checking for objdir
configure:7601: result: .libs
configure:7872: checking if gcc supports -fno-rtti -fno-exceptions
configure:7890: gcc -c   -fno-rtti -fno-exceptions conftest.c >&5
cc1: warning: command line option '-fno-rtti' is valid for C++/ObjC++ but not for C [enabled by default]
configure:7894: $? = 0
configure:7907: result: no
configure:8234: checking for gcc option to produce PIC
configure:8241: result: -fPIC -DPIC
configure:8249: checking if gcc PIC flag -fPIC -DPIC works
configure:8267: gcc -c   -fPIC -DPIC -DPIC conftest.c >&5
configure:8271: $? = 0
configure:8284: result: yes
configure:8313: checking if gcc static flag -static works
configure:8341: result: yes
configure:8356: checking if gcc supports -c -o file.o
configure:8377: gcc -c   -o out/conftest2.o conftest.c >&5
configure:8381: $? = 0
configure:8403: result: yes
configure:8411: checking if gcc supports -c -o file.o
configure:8458: result: yes
configure:8491: checking whether the gcc linker (/usr/bin/ld -m elf_x86_64) supports shared libraries
configure:9648: result: yes
configure:9685: checking whether -lc should be explicitly linked in
configure:9693: gcc -c   conftest.c >&5
configure:9696: $? = 0
configure:9711: gcc -shared  -fPIC -DPIC conftest.o  -v -Wl,-soname -Wl,conftest -o conftest 2\>\&1 \| /bin/grep  -lc  \>/dev/null 2\>\&1
configure:9714: $? = 0
configure:9728: result: no
configure:9888: checking dynamic linker characteristics
configure:10399: gcc -o conftest    -Wl,-rpath -Wl,/foo conftest.c  >&5
configure:10399: $? = 0
configure:10633: result: GNU/Linux ld.so
configure:10740: checking how to hardcode library paths into programs
configure:10765: result: immediate
configure:11305: checking whether stripping libraries is possible
configure:11310: result: yes
configure:11345: checking if libtool supports shared libraries
configure:11347: result: yes
configure:11350: checking whether to build shared libraries
configure:11371: result: yes
configure:11374: checking whether to build static libraries
configure:11378: result: yes
configure:11422: checking stddef.h usability
configure:11422: gcc -c   conftest.c >&5
configure:11422: $? = 0
configure:11422: result: yes
configure:11422: checking stddef.h presence
configure:11422: gcc -E  conftest.c
configure:11422: $? = 0
configure:11422: result: yes
configure:11422: checking for stddef.h
configure:11422: result: yes
configure:11422: checking for stdlib.h
configure:11422: result: yes
configure:11422: checking for string.h
configure:11422: result: yes
configure:11422: checking for unistd.h
configure:11422: result: yes
configure:11434: checking for size_t
configure:11434: gcc -c   conftest.c >&5
configure:11434: $? = 0
configure:11434: gcc -c   conftest.c >&5
conftest.c: In function 'main':
conftest.c:67:21: error: expected expression before ')' token
configure:11434: $? = 1
configure: failed program was:
| /* confdefs.h */
| #define PACKAGE_NAME "libhmlib"
| #define PACKAGE_TARNAME "libhmlib"
| #define PACKAGE_VERSION "1.1.0"
| #define PACKAGE_STRING "libhmlib 1.1.0"
| #define PACKAGE_BUGREPORT "bugs@himickey.com"
| #define PACKAGE_URL ""
| #define PACKAGE "libhmlib"
| #define VERSION "1.1.0"
| #define LIBHMLIB_MAJOR_VERSION 1
| #define LIBHMLIB_MINOR_VERSION 1
| #define LIBHMLIB_MICRO_VERSION 0
| #define LIBHMLIB_VERSION "1.1.0"
| #define STDC_HEADERS 1
| #define HAVE_SYS_TYPES_H 1
| #define HAVE_SYS_STAT_H 1
| #define HAVE_STDLIB_H 1
| #define HAVE_STRING_H 1
| #define HAVE_MEMORY_H 1
| #define HAVE_STRINGS_H 1
| #define HAVE_INTTYPES_H 1
| #define HAVE_STDINT_H 1
| #define HAVE_UNISTD_H 1
| #define HAVE_DLFCN_H 1
| #define LT_OBJDIR ".libs/"
| #define HAVE_STDDEF_H 1
| #define HAVE_STDLIB_H 1
| #define HAVE_STRING_H 1
| #define HAVE_UNISTD_H 1
| /* end confdefs.h.  */
| #include <stdio.h>
| #ifdef HAVE_SYS_TYPES_H
| # include <sys/types.h>
| #endif
| #ifdef HAVE_SYS_STAT_H
| # include <sys/stat.h>
| #endif
| #ifdef STDC_HEADERS
| # include <stdlib.h>
| # include <stddef.h>
| #else
| # ifdef HAVE_STDLIB_H
| #  include <stdlib.h>
| # endif
| #endif
| #ifdef HAVE_STRING_H
| # if !defined STDC_HEADERS && defined HAVE_MEMORY_H
| #  include <memory.h>
| # endif
| # include <string.h>
| #endif
| #ifdef HAVE_STRINGS_H
| # include <strings.h>
| #endif
| #ifdef HAVE_INTTYPES_H
| # include <inttypes.h>
| #endif
| #ifdef HAVE_STDINT_H
| # include <stdint.h>
| #endif
| #ifdef HAVE_UNISTD_H
| # include <unistd.h>
| #endif
| int
| main ()
| {
| if (sizeof ((size_t)))
| 	    return 0;
|   ;
|   return 0;
| }
configure:11434: result: yes
configure:11449: checking for stdlib.h
configure:11449: result: yes
configure:11459: checking for GNU libc compatible malloc
configure:11483: gcc -o conftest    conftest.c  >&5
configure:11483: $? = 0
configure:11483: ./conftest
configure:11483: $? = 0
configure:11493: result: yes
configure:11516: checking for memset
configure:11516: gcc -o conftest    conftest.c  >&5
conftest.c:56:6: warning: conflicting types for built-in function 'memset' [enabled by default]
configure:11516: $? = 0
configure:11516: result: yes
configure:11580: checking for pkg-config
configure:11598: found /usr/bin/pkg-config
configure:11610: result: /usr/bin/pkg-config
configure:11635: checking pkg-config is at least version 0.9.0
configure:11638: result: yes
configure:11647: FOUND CFLAGS DEFINES : ""
configure:11649: FOUND CPPFLAGS DEFINES : ""
configure:11651: FOUND LIBS DEFINES : ""
configure:11786: creating ./config.status

## ---------------- ##
## Cache variables. ##
## ---------------- ##

ac_cv_build=x86_64-unknown-linux-gnu
ac_cv_c_compiler_gnu=yes
ac_cv_env_CC_set=
ac_cv_env_CC_value=
ac_cv_env_CFLAGS_set=
ac_cv_env_CFLAGS_value=
ac_cv_env_CPPFLAGS_set=
ac_cv_env_CPPFLAGS_value=
ac_cv_env_CPP_set=
ac_cv_env_CPP_value=
ac_cv_env_LDFLAGS_set=
ac_cv_env_LDFLAGS_value=
ac_cv_env_LIBS_set=
ac_cv_env_LIBS_value=
ac_cv_env_PKG_CONFIG_LIBDIR_set=
ac_cv_env_PKG_CONFIG_LIBDIR_value=
ac_cv_env_PKG_CONFIG_PATH_set=
ac_cv_env_PKG_CONFIG_PATH_value=
ac_cv_env_PKG_CONFIG_set=
ac_cv_env_PKG_CONFIG_value=
ac_cv_env_build_alias_set=
ac_cv_env_build_alias_value=
ac_cv_env_host_alias_set=
ac_cv_env_host_alias_value=
ac_cv_env_target_alias_set=
ac_cv_env_target_alias_value=
ac_cv_func_malloc_0_nonnull=yes
ac_cv_func_memset=yes
ac_cv_header_dlfcn_h=yes
ac_cv_header_inttypes_h=yes
ac_cv_header_memory_h=yes
ac_cv_header_stdc=yes
ac_cv_header_stddef_h=yes
ac_cv_header_stdint_h=yes
ac_cv_header_stdlib_h=yes
ac_cv_header_string_h=yes
ac_cv_header_strings_h=yes
ac_cv_header_sys_stat_h=yes
ac_cv_header_sys_types_h=yes
ac_cv_header_unistd_h=yes
ac_cv_host=x86_64-unknown-linux-gnu
ac_cv_objext=o
ac_cv_path_EGREP='/bin/grep -E'
ac_cv_path_FGREP='/bin/grep -F'
ac_cv_path_GREP=/bin/grep
ac_cv_path_SED=/bin/sed
ac_cv_path_ac_pt_PKG_CONFIG=/usr/bin/pkg-config
ac_cv_path_install='/usr/bin/install -c'
ac_cv_path_mkdir=/bin/mkdir
ac_cv_prog_AWK=gawk
ac_cv_prog_CPP='gcc -E'
ac_cv_prog_ac_ct_AR=ar
ac_cv_prog_ac_ct_CC=gcc
ac_cv_prog_ac_ct_MANIFEST_TOOL=mt
ac_cv_prog_ac_ct_OBJDUMP=objdump
ac_cv_prog_ac_ct_RANLIB=ranlib
ac_cv_prog_ac_ct_STRIP=strip
ac_cv_prog_cc_c89=
ac_cv_prog_cc_g=yes
ac_cv_prog_make_make_set=yes
ac_cv_type_size_t=yes
am_cv_CC_dependencies_compiler_type=gcc3
lt_cv_ar_at_file=@
lt_cv_archive_cmds_need_lc=no
lt_cv_deplibs_check_method=pass_all
lt_cv_file_magic_cmd='$MAGIC_CMD'
lt_cv_file_magic_test_file=
lt_cv_ld_reload_flag=-r
lt_cv_nm_interface='BSD nm'
lt_cv_objdir=.libs
lt_cv_path_LD=/usr/bin/ld
lt_cv_path_NM='/usr/bin/nm -B'
lt_cv_path_mainfest_tool=no
lt_cv_prog_compiler_c_o=yes
lt_cv_prog_compiler_pic='-fPIC -DPIC'
lt_cv_prog_compiler_pic_works=yes
lt_cv_prog_compiler_rtti_exceptions=no
lt_cv_prog_compiler_static_works=yes
lt_cv_prog_gnu_ld=yes
lt_cv_sharedlib_from_linklib_cmd='printf %s\n'
lt_cv_shlibpath_overrides_runpath=no
lt_cv_sys_global_symbol_pipe='sed -n -e '\''s/^.*[	 ]\([ABCDGIRSTW][ABCDGIRSTW]*\)[	 ][	 ]*\([_A-Za-z][_A-Za-z0-9]*\)$/\1 \2 \2/p'\'' | sed '\''/ __gnu_lto/d'\'''
lt_cv_sys_global_symbol_to_c_name_address='sed -n -e '\''s/^: \([^ ]*\)[ ]*$/  {\"\1\", (void *) 0},/p'\'' -e '\''s/^[ABCDGIRSTW]* \([^ ]*\) \([^ ]*\)$/  {"\2", (void *) \&\2},/p'\'''
lt_cv_sys_global_symbol_to_c_name_address_lib_prefix='sed -n -e '\''s/^: \([^ ]*\)[ ]*$/  {\"\1\", (void *) 0},/p'\'' -e '\''s/^[ABCDGIRSTW]* \([^ ]*\) \(lib[^ ]*\)$/  {"\2", (void *) \&\2},/p'\'' -e '\''s/^[ABCDGIRSTW]* \([^ ]*\) \([^ ]*\)$/  {"lib\2", (void *) \&\2},/p'\'''
lt_cv_sys_global_symbol_to_cdecl='sed -n -e '\''s/^T .* \(.*\)$/extern int \1();/p'\'' -e '\''s/^[ABCDGIRSTW]* .* \(.*\)$/extern char \1;/p'\'''
lt_cv_sys_max_cmd_len=3458764513820540925
lt_cv_to_host_file_cmd=func_convert_file_noop
lt_cv_to_tool_file_cmd=func_convert_file_noop

## ----------------- ##
## Output variables. ##
## ----------------- ##

ACLOCAL='${SHELL} /home/compiler/hm-platform/trunk/hm-libs/hmlib/missing --run aclocal-1.11'
AMDEPBACKSLASH='\'
AMDEP_FALSE='#'
AMDEP_TRUE=''
AMTAR='$${TAR-tar}'
AR='ar'
AUTOCONF='${SHELL} /home/compiler/hm-platform/trunk/hm-libs/hmlib/missing --run autoconf'
AUTOHEADER='${SHELL} /home/compiler/hm-platform/trunk/hm-libs/hmlib/missing --run autoheader'
AUTOMAKE='${SHELL} /home/compiler/hm-platform/trunk/hm-libs/hmlib/missing --run automake-1.11'
AWK='gawk'
CC='gcc'
CCDEPMODE='depmode=gcc3'
CFLAGS=''
CPP='gcc -E'
CPPFLAGS=''
CYGPATH_W='echo'
DEFS='-DHAVE_CONFIG_H'
DEPDIR='.deps'
DLLTOOL='false'
DSYMUTIL=''
DUMPBIN=''
ECHO_C=''
ECHO_N='-n'
ECHO_T=''
EGREP='/bin/grep -E'
EXEEXT=''
FGREP='/bin/grep -F'
GREP='/bin/grep'
INSTALL_DATA='${INSTALL} -m 644'
INSTALL_PROGRAM='${INSTALL}'
INSTALL_SCRIPT='${INSTALL}'
INSTALL_STRIP_PROGRAM='$(install_sh) -c -s'
LD='/usr/bin/ld -m elf_x86_64'
LDFLAGS=''
LIBHMLIB_SO_VERSION='2:0:1'
LIBHMLIB_VERSION='1.1.0'
LIBOBJS=''
LIBS=''
LIBTOOL='$(SHELL) $(top_builddir)/libtool'
LIPO=''
LN_S='ln -s'
LTLIBOBJS=''
MAKEINFO='${SHELL} /home/compiler/hm-platform/trunk/hm-libs/hmlib/missing --run makeinfo'
MANIFEST_TOOL=':'
MKDIR_P='/bin/mkdir -p'
NM='/usr/bin/nm -B'
NMEDIT=''
OBJDUMP='objdump'
OBJEXT='o'
OTOOL64=''
OTOOL=''
PACKAGE='libhmlib'
PACKAGE_BUGREPORT='bugs@himickey.com'
PACKAGE_NAME='libhmlib'
PACKAGE_STRING='libhmlib 1.1.0'
PACKAGE_TARNAME='libhmlib'
PACKAGE_URL=''
PACKAGE_VERSION='1.1.0'
PATH_SEPARATOR=':'
PKG_CONFIG='/usr/bin/pkg-config'
PKG_CONFIG_LIBDIR=''
PKG_CONFIG_PATH=''
RANLIB='ranlib'
SED='/bin/sed'
SET_MAKE=''
SHELL='/bin/bash'
STRIP='strip'
VERSION='1.1.0'
ac_ct_AR='ar'
ac_ct_CC='gcc'
ac_ct_DUMPBIN=''
am__EXEEXT_FALSE=''
am__EXEEXT_TRUE='#'
am__fastdepCC_FALSE='#'
am__fastdepCC_TRUE=''
am__include='include'
am__isrc=''
am__leading_dot='.'
am__nodep='_no'
am__quote=''
am__tar='$${TAR-tar} chof - "$$tardir"'
am__untar='$${TAR-tar} xf -'
bindir='${exec_prefix}/bin'
build='x86_64-unknown-linux-gnu'
build_alias=''
build_cpu='x86_64'
build_os='linux-gnu'
build_vendor='unknown'
datadir='${datarootdir}'
datarootdir='${prefix}/share'
docdir='${datarootdir}/doc/${PACKAGE_TARNAME}'
dvidir='${docdir}'
exec_prefix='${prefix}'
host='x86_64-unknown-linux-gnu'
host_alias=''
host_cpu='x86_64'
host_os='linux-gnu'
host_vendor='unknown'
htmldir='${docdir}'
includedir='${prefix}/include'
infodir='${datarootdir}/info'
install_sh='${SHELL} /home/compiler/hm-platform/trunk/hm-libs/hmlib/install-sh'
libdir='${exec_prefix}/lib'
libexecdir='${exec_prefix}/libexec'
localedir='${datarootdir}/locale'
localstatedir='${prefix}/var'
mandir='${datarootdir}/man'
mkdir_p='/bin/mkdir -p'
oldincludedir='/usr/include'
pdfdir='${docdir}'
prefix='/home/compiler/usr'
program_transform_name='s,x,x,'
psdir='${docdir}'
sbindir='${exec_prefix}/sbin'
sharedstatedir='${prefix}/com'
sysconfdir='${prefix}/etc'
target_alias=''

## ----------- ##
## confdefs.h. ##
## ----------- ##

/* confdefs.h */
#define PACKAGE_NAME "libhmlib"
#define PACKAGE_TARNAME "libhmlib"
#define PACKAGE_VERSION "1.1.0"
#define PACKAGE_STRING "libhmlib 1.1.0"
#define PACKAGE_BUGREPORT "bugs@himickey.com"
#define PACKAGE_URL ""
#define PACKAGE "libhmlib"
#define VERSION "1.1.0"
#define LIBHMLIB_MAJOR_VERSION 1
#define LIBHMLIB_MINOR_VERSION 1
#define LIBHMLIB_MICRO_VERSION 0
#define LIBHMLIB_VERSION "1.1.0"
#define STDC_HEADERS 1
#define HAVE_SYS_TYPES_H 1
#define HAVE_SYS_STAT_H 1
#define HAVE_STDLIB_H 1
#define HAVE_STRING_H 1
#define HAVE_MEMORY_H 1
#define HAVE_STRINGS_H 1
#define HAVE_INTTYPES_H 1
#define HAVE_STDINT_H 1
#define HAVE_UNISTD_H 1
#define HAVE_DLFCN_H 1
#define LT_OBJDIR ".libs/"
#define HAVE_STDDEF_H 1
#define HAVE_STDLIB_H 1
#define HAVE_STRING_H 1
#define HAVE_UNISTD_H 1
#define HAVE_STDLIB_H 1
#define HAVE_MALLOC 1
#define HAVE_MEMSET 1

configure: exit 0

## ---------------------- ##
## Running config.status. ##
## ---------------------- ##

This file was extended by libhmlib config.status 1.1.0, which was
generated by GNU Autoconf 2.68.  Invocation command line was

  CONFIG_FILES    = 
  CONFIG_HEADERS  = 
  CONFIG_LINKS    = 
  CONFIG_COMMANDS = 
  $ ./config.status 

on Compiler

config.status:1107: creating Makefile
config.status:1107: creating libhmlib.pc
config.status:1107: creating src/Makefile
config.status:1107: creating test/Makefile
config.status:1107: creating config.h
config.status:1288: config.h is unchanged
config.status:1336: executing depfiles commands
config.status:1336: executing libtool commands

## ---------------------- ##
## Running config.status. ##
## ---------------------- ##

This file was extended by libhmlib config.status 1.1.0, which was
generated by GNU Autoconf 2.68.  Invocation command line was

  CONFIG_FILES    = 
  CONFIG_HEADERS  = 
  CONFIG_LINKS    = 
  CONFIG_COMMANDS = 
  $ ./config.status config.h

on Compiler

config.status:1107: creating config.h
config.status:1288: config.h is unchanged
